<?xml version="1.0" encoding="UTF-8"?>
<testng-results skipped="0" failed="0" ignored="0" total="2" passed="2">
  <reporter-output>
  </reporter-output>
  <suite name="Default suite" duration-ms="16047" started-at="2023-06-04T12:25:16 IST" finished-at="2023-06-04T12:25:32 IST">
    <groups>
    </groups>
    <test name="Default test" duration-ms="16047" started-at="2023-06-04T12:25:16 IST" finished-at="2023-06-04T12:25:32 IST">
      <class name="com.TestCases.LoginPage">
        <test-method status="PASS" signature="beforeMethod()[pri:0, instance:com.TestCases.LoginPage@612fc6eb]" name="beforeMethod" is-config="true" duration-ms="7247" started-at="2023-06-04T12:25:16 IST" finished-at="2023-06-04T12:25:23 IST">
          <reporter-output>
          </reporter-output>
        </test-method> <!-- beforeMethod -->
        <test-method status="PASS" signature="TC1()[pri:0, instance:com.TestCases.LoginPage@612fc6eb]" name="TC1" duration-ms="14" started-at="2023-06-04T12:25:23 IST" finished-at="2023-06-04T12:25:23 IST">
          <reporter-output>
          </reporter-output>
        </test-method> <!-- TC1 -->
        <test-method status="PASS" signature="afterMethod()[pri:0, instance:com.TestCases.LoginPage@612fc6eb]" name="afterMethod" is-config="true" duration-ms="572" started-at="2023-06-04T12:25:23 IST" finished-at="2023-06-04T12:25:23 IST">
          <reporter-output>
          </reporter-output>
        </test-method> <!-- afterMethod -->
        <test-method status="PASS" signature="beforeMethod()[pri:0, instance:com.TestCases.LoginPage@612fc6eb]" name="beforeMethod" is-config="true" duration-ms="4543" started-at="2023-06-04T12:25:23 IST" finished-at="2023-06-04T12:25:28 IST">
          <reporter-output>
          </reporter-output>
        </test-method> <!-- beforeMethod -->
        <test-method status="PASS" signature="TC2()[pri:0, instance:com.TestCases.LoginPage@612fc6eb]" name="TC2" duration-ms="3182" started-at="2023-06-04T12:25:28 IST" finished-at="2023-06-04T12:25:31 IST">
          <reporter-output>
          </reporter-output>
        </test-method> <!-- TC2 -->
        <test-method status="PASS" signature="afterMethod()[pri:0, instance:com.TestCases.LoginPage@612fc6eb]" name="afterMethod" is-config="true" duration-ms="411" started-at="2023-06-04T12:25:31 IST" finished-at="2023-06-04T12:25:32 IST">
          <reporter-output>
          </reporter-output>
        </test-method> <!-- afterMethod -->
      </class> <!-- com.TestCases.LoginPage -->
    </test> <!-- Default test -->
  </suite> <!-- Default suite -->
</testng-results>
